<?xml version="1.0" encoding="UTF-8"?>
<testsuite xmlns:xsi="http://www.w3.org/2001/XMLSchema-instance" xsi:noNamespaceSchemaLocation="https://maven.apache.org/surefire/maven-surefire-plugin/xsd/surefire-test-report-3.0.xsd" version="3.0" name="sorting.test.StudentSortingTest" time="0.103" tests="58" errors="0" skipped="0" failures="0">
  <properties>
[...]
</properties>
  <testcase name="testSelectionSortRecursivoSegundaMetadeArrayPar" classname="sorting.test.StudentSortingTest" time="0.007"/>
  <testcase name="testBubbleSortRecursivoArrayTamImpar" classname="sorting.test.StudentSortingTest" time="0.0"/>
  <testcase name="testSelectionSortLeftIndexNegativo" classname="sorting.test.StudentSortingTest" time="0.0"/>
  <testcase name="testBubbleSortBidirecionalArrayCrec" classname="sorting.test.StudentSortingTest" time="0.001"/>
  <testcase name="testSelectionSortArrayTamImpar" classname="sorting.test.StudentSortingTest" time="0.0"/>
  <testcase name="testInsertionSortSegundaMetadeArrayPar" classname="sorting.test.StudentSortingTest" time="0.001"/>
  <testcase name="testSelectionSortArrayValoresRepetidos" classname="sorting.test.StudentSortingTest" time="0.001"/>
  <testcase name="testSelectionSortRecursivoRightIndexNegativo" classname="sorting.test.StudentSortingTest" time="0.0"/>
  <testcase name="testSelectionSortRecursivoPrimeiraMetadeArrayImpar" classname="sorting.test.StudentSortingTest" time="0.0"/>
  <testcase name="testSelectionSortRecursivoPrimeiraMetadeArrayPar" classname="sorting.test.StudentSortingTest" time="0.001"/>
  <testcase name="testSelectionSortArrayTamPar" classname="sorting.test.StudentSortingTest" time="0.0"/>
  <testcase name="testBubbleSortBidirecionalArrayTamImpar" classname="sorting.test.StudentSortingTest" time="0.001"/>
  <testcase name="testInsertionSortArrayTamPar" classname="sorting.test.StudentSortingTest" time="0.0"/>
  <testcase name="testInsertionSortSegundaMetadeArrayImpar" classname="sorting.test.StudentSortingTest" time="0.0"/>
  <testcase name="testBubbleSortArrayElementosIguais" classname="sorting.test.StudentSortingTest" time="0.001"/>
  <testcase name="testBubbleSortBidirecionalPrimeiraMetadeArrayPar" classname="sorting.test.StudentSortingTest" time="0.001"/>
  <testcase name="testBubbleSortArrayTamImpar" classname="sorting.test.StudentSortingTest" time="0.0"/>
  <testcase name="testSelectionSortSegundaMetadeArrayPar" classname="sorting.test.StudentSortingTest" time="0.0"/>
  <testcase name="testBubbleSortRightIndexNegativo" classname="sorting.test.StudentSortingTest" time="0.001"/>
  <testcase name="testSelectionSortRecursivoElementosIguais" classname="sorting.test.StudentSortingTest" time="0.0"/>
  <testcase name="testSelectionSortRecursivoArrayCrec" classname="sorting.test.StudentSortingTest" time="0.0"/>
  <testcase name="testInsertionSortNegativoLeftIndex" classname="sorting.test.StudentSortingTest" time="0.001"/>
  <testcase name="testBubbleSortBidirecionalTamPar" classname="sorting.test.StudentSortingTest" time="0.0"/>
  <testcase name="testInsertionSortArrayTamImpar" classname="sorting.test.StudentSortingTest" time="0.0"/>
  <testcase name="testInsertionSortInvalidRightIndex" classname="sorting.test.StudentSortingTest" time="0.001"/>
  <testcase name="testSelectionSortElementosIguais" classname="sorting.test.StudentSortingTest" time="0.0"/>
  <testcase name="testSelectionSortPrimeiraMetadeArrayImpar" classname="sorting.test.StudentSortingTest" time="0.001"/>
  <testcase name="testBubbleSortArrayValoresRepetidos" classname="sorting.test.StudentSortingTest" time="0.0"/>
  <testcase name="testBubbleSortBidirecionalLeftIndexNegativo" classname="sorting.test.StudentSortingTest" time="0.0"/>
  <testcase name="testBubbleSortBidirecionalPrimeiraMetadeArrayImpar" classname="sorting.test.StudentSortingTest" time="0.0"/>
  <testcase name="testBubbleSortBidirecinalArrayElementosIguais" classname="sorting.test.StudentSortingTest" time="0.001"/>
  <testcase name="testBubbleSortArrayTamPar" classname="sorting.test.StudentSortingTest" time="0.0"/>
  <testcase name="testBubbleSortRecursivoRightIndexNegativo" classname="sorting.test.StudentSortingTest" time="0.0"/>
  <testcase name="testSelectionSortSegundaMetadeArrayImpar" classname="sorting.test.StudentSortingTest" time="0.001"/>
  <testcase name="testSelectionSortLeftMaiorRight" classname="sorting.test.StudentSortingTest" time="0.0"/>
  <testcase name="testBubbleSortBidirecionalRightIndexNegativo" classname="sorting.test.StudentSortingTest" time="0.0"/>
  <testcase name="testInsertionSortPrimeiraMetadeArrayPar" classname="sorting.test.StudentSortingTest" time="0.001"/>
  <testcase name="testBubbleSortBidirecionalSegundaMetadeArrayImpar" classname="sorting.test.StudentSortingTest" time="0.0"/>
  <testcase name="testSelectionSortArrayCrec" classname="sorting.test.StudentSortingTest" time="0.0"/>
  <testcase name="testBubbleSortBidirecionalArrayValoresRepetidos" classname="sorting.test.StudentSortingTest" time="0.0"/>
  <testcase name="testBubbleSortRecursivoArrayElementosIguais" classname="sorting.test.StudentSortingTest" time="0.001"/>
  <testcase name="testBubbleSortTamParRecursivo" classname="sorting.test.StudentSortingTest" time="0.0"/>
  <testcase name="testInsertionSortArrayCrec" classname="sorting.test.StudentSortingTest" time="0.0"/>
  <testcase name="testBubbleSortArrayCrec" classname="sorting.test.StudentSortingTest" time="0.001"/>
  <testcase name="testSelectionSortRecursivoSegundaMetadeArrayImpar" classname="sorting.test.StudentSortingTest" time="0.0"/>
  <testcase name="testBubbleSortRecursivoArrayCrec" classname="sorting.test.StudentSortingTest" time="0.001"/>
  <testcase name="testBubbleSortRecursivoArrayValoresRepetidos" classname="sorting.test.StudentSortingTest" time="0.0"/>
  <testcase name="testBubbleSortBidirecionalSegundaMetadeArrayPar" classname="sorting.test.StudentSortingTest" time="0.0"/>
  <testcase name="testSelectionSortPrimeiraMetadeArrayPar" classname="sorting.test.StudentSortingTest" time="0.0"/>
  <testcase name="testBubbleSortLeftIndexNegativo" classname="sorting.test.StudentSortingTest" time="0.001"/>
  <testcase name="testSelectionSortRecursivoArrayValoresRepetidos" classname="sorting.test.StudentSortingTest" time="0.0"/>
  <testcase name="testBubbleSortRecursivoLeftIndexNegativo" classname="sorting.test.StudentSortingTest" time="0.0"/>
  <testcase name="testInsertionSortElementosIguais" classname="sorting.test.StudentSortingTest" time="0.0"/>
  <testcase name="testInsertionSortArrayValoresRepetidos" classname="sorting.test.StudentSortingTest" time="0.0"/>
  <testcase name="testSelectionSortRightIndexNegativo" classname="sorting.test.StudentSortingTest" time="0.0"/>
  <testcase name="testSelectionSortRecursivoArrayTamImpar" classname="sorting.test.StudentSortingTest" time="0.0"/>
  <testcase name="testSelectionSortRecursivoArrayTamPar" classname="sorting.test.StudentSortingTest" time="0.0"/>
  <testcase name="testInsertionSortPrimeiraMetadeArrayImpar" classname="sorting.test.StudentSortingTest" time="0.0"/>
</testsuite>